<?xml version="1.0" encoding="UTF-8"?>
<!-- Generated by org.testng.reporters.JUnitXMLReporter -->
<testsuite hostname="HP-PC" ignored="0" name="SmokeTest" tests="2" failures="1" timestamp="12 Jan 2020 10:07:13 GMT" time="53.458" errors="0">
  <testcase name="testvalidLogin" time="3.552" classname="Scriptspackage.TestValidLogin">
    <failure type="java.lang.AssertionError" message="focebilly failing">
      <![CDATA[java.lang.AssertionError: focebilly failing
at Scriptspackage.TestValidLogin.testvalidLogin(TestValidLogin.java:27)
... Removed 26 stack frames]]>
    </failure>
  </testcase> <!-- testvalidLogin -->
  <testcase name="testInValidLogin" time="14.699" classname="Scriptspackage.TestInValidLogin"/>
</testsuite> <!-- SmokeTest -->
