<?xml version="1.0" encoding="UTF-8"?>
<!-- Generated by org.testng.reporters.JUnitXMLReporter -->
<testsuite hostname="HP-PC" ignored="0" name="Test" tests="2" failures="1" timestamp="2019-12-22T17:45:54 IST" time="54.389" errors="0">
  <testcase name="testvalidLogin" time="3.278" classname="Scriptspackage.TestValidLogin">
    <failure type="java.lang.AssertionError" message="focebilly failing">
      <![CDATA[java.lang.AssertionError: focebilly failing
at Scriptspackage.TestValidLogin.testvalidLogin(TestValidLogin.java:25)
at java.util.ArrayList.forEach(ArrayList.java:1257)
... Removed 28 stack frames]]>
    </failure>
  </testcase> <!-- testvalidLogin -->
  <testcase name="testInValidLogin" time="14.567" classname="Scriptspackage.TestInValidLogin"/>
</testsuite> <!-- Test -->
